  MainVote.cpp
C:\Users\User\Documents\MVS\курсовая\Main\MainVote\Vote.h(16,12): warning C4018: <: несоответствие типов со знаком и без знака
C:\Users\User\Documents\MVS\курсовая\Main\MainVote\Vote.h(29,11): warning C4018: <: несоответствие типов со знаком и без знака
C:\Users\User\Documents\MVS\курсовая\Main\MainVote\Vote.h(37,20): warning C4018: <: несоответствие типов со знаком и без знака
C:\Users\User\Documents\MVS\курсовая\Main\MainVote\Vote.h(48,11): warning C4018: <: несоответствие типов со знаком и без знака
C:\Users\User\Documents\MVS\курсовая\Main\MainVote\Vote.h(66,11): warning C4018: <: несоответствие типов со знаком и без знака
C:\Users\User\Documents\MVS\курсовая\Main\MainVote\Vote.h(90,11): warning C4018: <: несоответствие типов со знаком и без знака
C:\Users\User\Documents\MVS\курсовая\Main\MainVote\Vote.h(125,12): warning C4018: <: несоответствие типов со знаком и без знака
C:\Users\User\Documents\MVS\курсовая\Main\MainVote\Vote.h(136,21): warning C4018: <: несоответствие типов со знаком и без знака
C:\Users\User\Documents\MVS\курсовая\Main\MainVote\Vote.h(147,21): warning C4018: <: несоответствие типов со знаком и без знака
C:\Users\User\Documents\MVS\курсовая\Main\MainVote\Vote.h(150,22): warning C4018: <: несоответствие типов со знаком и без знака
C:\Users\User\Documents\MVS\курсовая\Main\MainVote\Vote.h(151,23): warning C4018: <: несоответствие типов со знаком и без знака
C:\Users\User\Documents\MVS\курсовая\Main\MainVote\Vote.h(157,22): warning C4018: <: несоответствие типов со знаком и без знака
C:\Users\User\Documents\MVS\курсовая\Main\MainVote\Vote.h(161,22): warning C4018: <: несоответствие типов со знаком и без знака
C:\Users\User\Documents\MVS\курсовая\Main\MainVote\Vote.h(177,22): warning C4018: <: несоответствие типов со знаком и без знака
C:\Users\User\Documents\MVS\курсовая\Main\MainVote\Vote.h(188,23): warning C4018: <: несоответствие типов со знаком и без знака
C:\Users\User\Documents\MVS\курсовая\Main\MainVote\Vote.h(194,21): warning C4244: инициализация: преобразование "double" в "int", возможна потеря данных
C:\Users\User\Documents\MVS\курсовая\Main\MainVote\Vote.h(197,23): warning C4018: <: несоответствие типов со знаком и без знака
C:\Users\User\Documents\MVS\курсовая\Main\MainVote\Vote.h(198,24): warning C4018: <: несоответствие типов со знаком и без знака
C:\Users\User\Documents\MVS\курсовая\Main\MainVote\Vote.h(205,23): warning C4018: <: несоответствие типов со знаком и без знака
C:\Users\User\Documents\MVS\курсовая\Main\MainVote\Vote.h(212,23): warning C4018: <: несоответствие типов со знаком и без знака
C:\Users\User\Documents\MVS\курсовая\Main\MainVote\Vote.h(219,24): warning C4018: <: несоответствие типов со знаком и без знака
C:\Users\User\Documents\MVS\курсовая\Main\MainVote\Vote.h(226,24): warning C4018: <: несоответствие типов со знаком и без знака
C:\Users\User\Documents\MVS\курсовая\Main\MainVote\Vote.h(238,21): warning C4018: <: несоответствие типов со знаком и без знака
C:\Users\User\Documents\MVS\курсовая\Main\MainVote\Vote.h(244,19): warning C4244: инициализация: преобразование "double" в "int", возможна потеря данных
C:\Users\User\Documents\MVS\курсовая\Main\MainVote\Vote.h(248,21): warning C4018: <: несоответствие типов со знаком и без знака
C:\Users\User\Documents\MVS\курсовая\Main\MainVote\Vote.h(249,22): warning C4018: <: несоответствие типов со знаком и без знака
C:\Users\User\Documents\MVS\курсовая\Main\MainVote\Vote.h(256,21): warning C4018: <: несоответствие типов со знаком и без знака
C:\Users\User\Documents\MVS\курсовая\Main\MainVote\Vote.h(263,21): warning C4018: <: несоответствие типов со знаком и без знака
C:\Users\User\Documents\MVS\курсовая\Main\MainVote\Vote.h(285,21): warning C4018: <: несоответствие типов со знаком и без знака
C:\Users\User\Documents\MVS\курсовая\Main\MainVote\Vote.h(292,20): warning C4018: <: несоответствие типов со знаком и без знака
C:\Users\User\Documents\MVS\курсовая\Main\MainVote\Vote.h(301,21): warning C4018: <: несоответствие типов со знаком и без знака
C:\Users\User\Documents\MVS\курсовая\Main\MainVote\Vote.h(326,21): warning C4018: <: несоответствие типов со знаком и без знака
C:\Users\User\Documents\MVS\курсовая\Main\MainVote\Vote.h(328,41): warning C4018: >=: несоответствие типов со знаком и без знака
C:\Users\User\Documents\MVS\курсовая\Main\MainVote\Vote.h(335,21): warning C4018: <: несоответствие типов со знаком и без знака
C:\Users\User\Documents\MVS\курсовая\Main\MainVote\Vote.h(338,21): warning C4018: <: несоответствие типов со знаком и без знака
C:\Users\User\Documents\MVS\курсовая\Main\MainVote\Vote.h(358,21): warning C4018: <: несоответствие типов со знаком и без знака
C:\Users\User\Documents\MVS\курсовая\Main\MainVote\MainVote.cpp(67,22): warning C4018: <: несоответствие типов со знаком и без знака
C:\Users\User\Documents\MVS\курсовая\Main\MainVote\MainVote.cpp(95,23): warning C4018: <: несоответствие типов со знаком и без знака
C:\Users\User\Documents\MVS\курсовая\Main\MainVote\Vote.h(43): warning C4715: unique: значение возвращается не при всех путях выполнения
C:\Users\User\Documents\MVS\курсовая\Main\MainVote\Vote.h(361): warning C4715: prune: значение возвращается не при всех путях выполнения
  MainVote.vcxproj -> C:\Users\User\Documents\MVS\курсовая\Main\Debug\MainVote.exe
