  MainIris.cpp
C:\Users\User\Documents\MVS\курсовая\Main\MainIris\Iris.h(16,12): warning C4018: <: несоответствие типов со знаком и без знака
C:\Users\User\Documents\MVS\курсовая\Main\MainIris\Iris.h(29,11): warning C4018: <: несоответствие типов со знаком и без знака
C:\Users\User\Documents\MVS\курсовая\Main\MainIris\Iris.h(66,11): warning C4018: <: несоответствие типов со знаком и без знака
C:\Users\User\Documents\MVS\курсовая\Main\MainIris\Iris.h(107,12): warning C4018: <: несоответствие типов со знаком и без знака
C:\Users\User\Documents\MVS\курсовая\Main\MainIris\Iris.h(119,21): warning C4018: <: несоответствие типов со знаком и без знака
C:\Users\User\Documents\MVS\курсовая\Main\MainIris\Iris.h(132,21): warning C4018: <: несоответствие типов со знаком и без знака
C:\Users\User\Documents\MVS\курсовая\Main\MainIris\Iris.h(133,22): warning C4018: <: несоответствие типов со знаком и без знака
C:\Users\User\Documents\MVS\курсовая\Main\MainIris\Iris.h(135,23): warning C4018: <: несоответствие типов со знаком и без знака
C:\Users\User\Documents\MVS\курсовая\Main\MainIris\Iris.h(159,22): warning C4018: <: несоответствие типов со знаком и без знака
C:\Users\User\Documents\MVS\курсовая\Main\MainIris\Iris.h(171,22): warning C4018: <: несоответствие типов со знаком и без знака
C:\Users\User\Documents\MVS\курсовая\Main\MainIris\Iris.h(181,22): warning C4018: <: несоответствие типов со знаком и без знака
C:\Users\User\Documents\MVS\курсовая\Main\MainIris\Iris.h(183,41): warning C4244: аргумент: преобразование "_Ty" в "const unsigned int", возможна потеря данных
          with
          [
              _Ty=double
          ]
C:\Users\User\Documents\MVS\курсовая\Main\MainIris\Iris.h(204,23): warning C4018: <: несоответствие типов со знаком и без знака
C:\Users\User\Documents\MVS\курсовая\Main\MainIris\Iris.h(211,23): warning C4018: <: несоответствие типов со знаком и без знака
C:\Users\User\Documents\MVS\курсовая\Main\MainIris\Iris.h(218,23): warning C4018: <: несоответствие типов со знаком и без знака
C:\Users\User\Documents\MVS\курсовая\Main\MainIris\Iris.h(231,21): warning C4018: <: несоответствие типов со знаком и без знака
C:\Users\User\Documents\MVS\курсовая\Main\MainIris\Iris.h(240,21): warning C4018: <: несоответствие типов со знаком и без знака
C:\Users\User\Documents\MVS\курсовая\Main\MainIris\Iris.h(242,40): warning C4244: аргумент: преобразование "_Ty" в "const unsigned int", возможна потеря данных
          with
          [
              _Ty=double
          ]
C:\Users\User\Documents\MVS\курсовая\Main\MainIris\Iris.h(313,26): warning C4018: >=: несоответствие типов со знаком и без знака
C:\Users\User\Documents\MVS\курсовая\Main\MainIris\Iris.h(325,21): warning C4018: <: несоответствие типов со знаком и без знака
C:\Users\User\Documents\MVS\курсовая\Main\MainIris\Iris.h(327,21): warning C4018: <: несоответствие типов со знаком и без знака
C:\Users\User\Documents\MVS\курсовая\Main\MainIris\MainIris.cpp(67,22): warning C4018: <: несоответствие типов со знаком и без знака
C:\Users\User\Documents\MVS\курсовая\Main\MainIris\MainIris.cpp(95,23): warning C4018: <: несоответствие типов со знаком и без знака
C:\Users\User\Documents\MVS\курсовая\Main\MainIris\Iris.h(352): warning C4715: prune: значение возвращается не при всех путях выполнения
  MainIris.vcxproj -> C:\Users\User\Documents\MVS\курсовая\Main\Debug\MainIris.exe
