  MainMushroom.cpp
C:\Users\User\Documents\MVS\курсовая\Main\MainMushroom\Mushroom.h(17,12): warning C4018: <: несоответствие типов со знаком и без знака
C:\Users\User\Documents\MVS\курсовая\Main\MainMushroom\Mushroom.h(30,11): warning C4018: <: несоответствие типов со знаком и без знака
C:\Users\User\Documents\MVS\курсовая\Main\MainMushroom\Mushroom.h(38,20): warning C4018: <: несоответствие типов со знаком и без знака
C:\Users\User\Documents\MVS\курсовая\Main\MainMushroom\Mushroom.h(49,11): warning C4018: <: несоответствие типов со знаком и без знака
C:\Users\User\Documents\MVS\курсовая\Main\MainMushroom\Mushroom.h(61,11): warning C4018: <: несоответствие типов со знаком и без знака
C:\Users\User\Documents\MVS\курсовая\Main\MainMushroom\Mushroom.h(85,11): warning C4018: <: несоответствие типов со знаком и без знака
C:\Users\User\Documents\MVS\курсовая\Main\MainMushroom\Mushroom.h(118,12): warning C4018: <: несоответствие типов со знаком и без знака
C:\Users\User\Documents\MVS\курсовая\Main\MainMushroom\Mushroom.h(129,21): warning C4018: <: несоответствие типов со знаком и без знака
C:\Users\User\Documents\MVS\курсовая\Main\MainMushroom\Mushroom.h(141,21): warning C4018: <: несоответствие типов со знаком и без знака
C:\Users\User\Documents\MVS\курсовая\Main\MainMushroom\Mushroom.h(144,22): warning C4018: <: несоответствие типов со знаком и без знака
C:\Users\User\Documents\MVS\курсовая\Main\MainMushroom\Mushroom.h(145,23): warning C4018: <: несоответствие типов со знаком и без знака
C:\Users\User\Documents\MVS\курсовая\Main\MainMushroom\Mushroom.h(151,22): warning C4018: <: несоответствие типов со знаком и без знака
C:\Users\User\Documents\MVS\курсовая\Main\MainMushroom\Mushroom.h(155,22): warning C4018: <: несоответствие типов со знаком и без знака
C:\Users\User\Documents\MVS\курсовая\Main\MainMushroom\Mushroom.h(170,22): warning C4018: <: несоответствие типов со знаком и без знака
C:\Users\User\Documents\MVS\курсовая\Main\MainMushroom\Mushroom.h(179,22): warning C4018: <: несоответствие типов со знаком и без знака
C:\Users\User\Documents\MVS\курсовая\Main\MainMushroom\Mushroom.h(180,23): warning C4018: <: несоответствие типов со знаком и без знака
C:\Users\User\Documents\MVS\курсовая\Main\MainMushroom\Mushroom.h(187,22): warning C4018: <: несоответствие типов со знаком и без знака
C:\Users\User\Documents\MVS\курсовая\Main\MainMushroom\Mushroom.h(194,22): warning C4018: <: несоответствие типов со знаком и без знака
C:\Users\User\Documents\MVS\курсовая\Main\MainMushroom\Mushroom.h(201,23): warning C4018: <: несоответствие типов со знаком и без знака
C:\Users\User\Documents\MVS\курсовая\Main\MainMushroom\Mushroom.h(208,23): warning C4018: <: несоответствие типов со знаком и без знака
C:\Users\User\Documents\MVS\курсовая\Main\MainMushroom\Mushroom.h(218,21): warning C4018: <: несоответствие типов со знаком и без знака
C:\Users\User\Documents\MVS\курсовая\Main\MainMushroom\Mushroom.h(227,21): warning C4018: <: несоответствие типов со знаком и без знака
C:\Users\User\Documents\MVS\курсовая\Main\MainMushroom\Mushroom.h(228,22): warning C4018: <: несоответствие типов со знаком и без знака
C:\Users\User\Documents\MVS\курсовая\Main\MainMushroom\Mushroom.h(235,21): warning C4018: <: несоответствие типов со знаком и без знака
C:\Users\User\Documents\MVS\курсовая\Main\MainMushroom\Mushroom.h(242,21): warning C4018: <: несоответствие типов со знаком и без знака
C:\Users\User\Documents\MVS\курсовая\Main\MainMushroom\Mushroom.h(263,21): warning C4018: <: несоответствие типов со знаком и без знака
C:\Users\User\Documents\MVS\курсовая\Main\MainMushroom\Mushroom.h(270,20): warning C4018: <: несоответствие типов со знаком и без знака
C:\Users\User\Documents\MVS\курсовая\Main\MainMushroom\Mushroom.h(279,21): warning C4018: <: несоответствие типов со знаком и без знака
C:\Users\User\Documents\MVS\курсовая\Main\MainMushroom\Mushroom.h(304,21): warning C4018: <: несоответствие типов со знаком и без знака
C:\Users\User\Documents\MVS\курсовая\Main\MainMushroom\Mushroom.h(306,41): warning C4018: >=: несоответствие типов со знаком и без знака
C:\Users\User\Documents\MVS\курсовая\Main\MainMushroom\Mushroom.h(313,21): warning C4018: <: несоответствие типов со знаком и без знака
C:\Users\User\Documents\MVS\курсовая\Main\MainMushroom\Mushroom.h(316,21): warning C4018: <: несоответствие типов со знаком и без знака
C:\Users\User\Documents\MVS\курсовая\Main\MainMushroom\Mushroom.h(336,21): warning C4018: <: несоответствие типов со знаком и без знака
C:\Users\User\Documents\MVS\курсовая\Main\MainMushroom\MainMushroom.cpp(67,22): warning C4018: <: несоответствие типов со знаком и без знака
C:\Users\User\Documents\MVS\курсовая\Main\MainMushroom\MainMushroom.cpp(95,23): warning C4018: <: несоответствие типов со знаком и без знака
C:\Users\User\Documents\MVS\курсовая\Main\MainMushroom\Mushroom.h(44): warning C4715: unique: значение возвращается не при всех путях выполнения
C:\Users\User\Documents\MVS\курсовая\Main\MainMushroom\Mushroom.h(339): warning C4715: prune: значение возвращается не при всех путях выполнения
  MainMushroom.vcxproj -> C:\Users\User\Documents\MVS\курсовая\Main\Debug\MainMushroom.exe
